[debug] [2023-05-18T10:01:58.546Z] ----------------------------------------------------------------------
[debug] [2023-05-18T10:01:58.550Z] Command:       C:\Program Files\nodejs\node.exe C:\Users\Laptop City\AppData\Roaming\npm\node_modules\firebase-tools\lib\bin\firebase.js init
[debug] [2023-05-18T10:01:58.551Z] CLI Version:   12.0.1
[debug] [2023-05-18T10:01:58.551Z] Platform:      win32
[debug] [2023-05-18T10:01:58.552Z] Node Version:  v18.16.0
[debug] [2023-05-18T10:01:58.553Z] Time:          Thu May 18 2023 15:01:58 GMT+0500 (Pakistan Standard Time)
[debug] [2023-05-18T10:01:58.554Z] ----------------------------------------------------------------------
[debug] 
[debug] [2023-05-18T10:01:58.565Z] > command requires scopes: ["email","openid","https://www.googleapis.com/auth/cloudplatformprojects.readonly","https://www.googleapis.com/auth/firebase","https://www.googleapis.com/auth/cloud-platform"]
[debug] [2023-05-18T10:01:58.566Z] > authorizing via signed-in user (umer1562001@gmail.com)
[info] 
     ######## #### ########  ######## ########     ###     ######  ########
     ##        ##  ##     ## ##       ##     ##  ##   ##  ##       ##
     ######    ##  ########  ######   ########  #########  ######  ######
     ##        ##  ##    ##  ##       ##     ## ##     ##       ## ##
     ##       #### ##     ## ######## ########  ##     ##  ######  ########

You're about to initialize a Firebase project in this directory:

  F:\react-js\social-media-app

[info] 
=== Project Setup
[info] 
[info] First, let's associate this project directory with a Firebase project.
[info] You can create multiple project aliases by running firebase use --add, 
[info] but for now we'll just set up a default project.
[info] 
[debug] [2023-05-18T10:03:45.296Z] >>> [apiv2][query] GET https://firebase.googleapis.com/v1beta1/projects pageSize=100
[debug] [2023-05-18T10:03:46.148Z] <<< [apiv2][status] GET https://firebase.googleapis.com/v1beta1/projects 200
[debug] [2023-05-18T10:03:46.148Z] <<< [apiv2][body] GET https://firebase.googleapis.com/v1beta1/projects [omitted]
[info] i  Using project social-media-react-app-ead54 (social-media-react-app) 
[info] 
=== Hosting Setup
[info] 
[info] Your public directory is the folder (relative to your project directory) that
[info] will contain Hosting assets to be uploaded with firebase deploy. If you
[info] have a build process for your assets, use your build's output directory.
[info] 
[info] +  Wrote public/404.html 
[debug] [2023-05-18T10:05:42.174Z] >>> [apiv2][query] GET https://www.gstatic.com/firebasejs/releases.json [none]
[debug] [2023-05-18T10:05:42.413Z] <<< [apiv2][status] GET https://www.gstatic.com/firebasejs/releases.json 200
[debug] [2023-05-18T10:05:42.414Z] <<< [apiv2][body] GET https://www.gstatic.com/firebasejs/releases.json {"current":{"version":"9.22.0","browserURL":"https://www.gstatic.com/firebasejs/9.22.0/firebase.js","packageURL":"https://www.gstatic.com/firebasejs/9.22.0/firebase.tgz"},"live":{"version":"9.22","browserURL":"https://www.gstatic.com/firebasejs/live/9.22/firebase.js","packageURL":"https://www.gstatic.com/firebasejs/live/9.22/firebase.tgz"},"components":{"analytics":"https://www.gstatic.com/firebasejs/9.22.0/firebase-analytics.js","app":"https://www.gstatic.com/firebasejs/9.22.0/firebase-app.js","app-check":"https://www.gstatic.com/firebasejs/9.22.0/firebase-app-check.js","auth":"https://www.gstatic.com/firebasejs/9.22.0/firebase-auth.js","auth/cordova":"https://www.gstatic.com/firebasejs/9.22.0/firebase-auth/cordova.js","auth/react-native":"https://www.gstatic.com/firebasejs/9.22.0/firebase-auth/react-native.js","functions":"https://www.gstatic.com/firebasejs/9.22.0/firebase-functions.js","firestore":"https://www.gstatic.com/firebasejs/9.22.0/firebase-firestore.js","firestore/lite":"https://www.gstatic.com/firebasejs/9.22.0/firebase-firestore/lite.js","installations":"https://www.gstatic.com/firebasejs/9.22.0/firebase-installations.js","storage":"https://www.gstatic.com/firebasejs/9.22.0/firebase-storage.js","performance":"https://www.gstatic.com/firebasejs/9.22.0/firebase-performance.js","remote-config":"https://www.gstatic.com/firebasejs/9.22.0/firebase-remote-config.js","messaging":"https://www.gstatic.com/firebasejs/9.22.0/firebase-messaging.js","messaging/sw":"https://www.gstatic.com/firebasejs/9.22.0/firebase-messaging/sw.js","database":"https://www.gstatic.com/firebasejs/9.22.0/firebase-database.js","firestore.memory":"https://www.gstatic.com/firebasejs/9.22.0/firebase-firestore.memory.js"}}
[info] i  Skipping write of public/index.html 
[info] 
[info] i  Detected a .git folder at F:\react-js\social-media-app 
[info] i  Authorizing with GitHub to upload your service account to a GitHub repository's secrets store. 
[info] 
[info] Visit this URL on this device to log in:
[info] https://github.com/login/oauth/authorize?client_id=89cf50f02ac6aaed3484&state=661021342&redirect_uri=http%3A%2F%2Flocalhost%3A9005&scope=read%3Auser%20repo%20public_repo
[info] 
[info] Waiting for authentication...
[debug] [2023-05-18T10:06:43.560Z] >>> [apiv2][query] POST https://github.com/login/oauth/access_token [none]
[debug] [2023-05-18T10:06:43.560Z] >>> [apiv2][body] POST https://github.com/login/oauth/access_token [stream]
[debug] [2023-05-18T10:06:44.259Z] <<< [apiv2][status] POST https://github.com/login/oauth/access_token 200
[debug] [2023-05-18T10:06:44.259Z] <<< [apiv2][body] POST https://github.com/login/oauth/access_token {"access_token":"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","token_type":"bearer","scope":"read:user,repo"}
[debug] [2023-05-18T10:06:44.275Z] >>> [apiv2][query] GET https://api.github.com/user [none]
[debug] [2023-05-18T10:06:44.899Z] <<< [apiv2][status] GET https://api.github.com/user 200
[debug] [2023-05-18T10:06:44.900Z] <<< [apiv2][body] GET https://api.github.com/user {"login":"Umar-Haqqi","id":131287278,"node_id":"U_kgDOB9NI7g","avatar_url":"https://avatars.githubusercontent.com/u/131287278?v=4","gravatar_id":"","url":"https://api.github.com/users/Umar-Haqqi","html_url":"https://github.com/Umar-Haqqi","followers_url":"https://api.github.com/users/Umar-Haqqi/followers","following_url":"https://api.github.com/users/Umar-Haqqi/following{/other_user}","gists_url":"https://api.github.com/users/Umar-Haqqi/gists{/gist_id}","starred_url":"https://api.github.com/users/Umar-Haqqi/starred{/owner}{/repo}","subscriptions_url":"https://api.github.com/users/Umar-Haqqi/subscriptions","organizations_url":"https://api.github.com/users/Umar-Haqqi/orgs","repos_url":"https://api.github.com/users/Umar-Haqqi/repos","events_url":"https://api.github.com/users/Umar-Haqqi/events{/privacy}","received_events_url":"https://api.github.com/users/Umar-Haqqi/received_events","type":"User","site_admin":false,"name":"M. Umar Haqqui","company":null,"blog":"","location":"Karachi","email":null,"hireable":null,"bio":"CS Student \r\nI'm currently learning React & Node js\r\n","twitter_username":null,"public_repos":4,"public_gists":0,"followers":0,"following":0,"created_at":"2023-04-19T16:14:08Z","updated_at":"2023-05-15T07:49:48Z","private_gists":0,"total_private_repos":0,"owned_private_repos":0,"disk_usage":3954,"collaborators":0,"two_factor_authentication":false,"plan":{"name":"free","space":976562499,"collaborators":0,"private_repos":10000}}
[info] 
[info] +  Success! Logged into GitHub as Umar-Haqqi 
[info] 
